????-??-?? ??:??:?? INFO  LoginTest:45 - INSIDE LOGIN TEST FUNCTION METHOD
????-??-?? ??:??:?? INFO  LoginTest:57 - INSIDE LOGIN TEST FUNCTION METHOD - USERNAME Entered
????-??-?? ??:??:?? INFO  LoginTest:67 - INSIDE LOGIN TEST FUNCTION METHOD - Password Entered
????-??-?? ??:??:?? INFO  LoginTest:73 - INSIDE LOGIN TEST FUNCTION METHOD - Login Button Clicked
????-??-?? ??:??:?? INFO  LoginTest:45 - INSIDE LOGIN TEST FUNCTION METHOD
????-??-?? ??:??:?? INFO  LoginTest:57 - INSIDE LOGIN TEST FUNCTION METHOD - USERNAME Entered
????-??-?? ??:??:?? INFO  LoginTest:67 - INSIDE LOGIN TEST FUNCTION METHOD - Password Entered
????-??-?? ??:??:?? INFO  LoginTest:73 - INSIDE LOGIN TEST FUNCTION METHOD - Login Button Clicked
????-??-?? ??:??:?? INFO  LoginTest:45 - INSIDE LOGIN TEST FUNCTION METHOD
????-??-?? ??:??:?? INFO  LoginTest:57 - INSIDE LOGIN TEST FUNCTION METHOD - USERNAME Entered
????-??-?? ??:??:?? INFO  LoginTest:67 - INSIDE LOGIN TEST FUNCTION METHOD - Password Entered
????-??-?? ??:??:?? INFO  LoginTest:73 - INSIDE LOGIN TEST FUNCTION METHOD - Login Button Clicked
????-??-?? ??:??:?? INFO  LoginTest:88 - INSIDE INSIDE INVALID USERNAME EERROR MESSAGE FUNCTION METHOD
????-??-?? ??:??:?? INFO  LoginTest:116 - INSIDE INSIDE INVALID USERNAME EERROR MESSAGE FUNCTION METHOD - Login Button Clicked
????-??-?? ??:??:?? INFO  DashBoardTest:35 - INSIDE  click on post FUNCTION METHOD
????-??-?? ??:??:?? INFO  DashBoardTest:40 - INSIDE  click on post FUNCTION METHOD - username entered
????-??-?? ??:??:?? INFO  DashBoardTest:44 - INSIDE  click on post FUNCTION METHOD - password entered
????-??-?? ??:??:?? INFO  DashBoardTest:50 - INSIDE  click on post FUNCTION METHOD - Login Button Clicked
????-??-?? ??:??:?? INFO  LoginTest:45 - INSIDE LOGIN TEST FUNCTION METHOD
????-??-?? ??:??:?? INFO  LoginTest:57 - INSIDE LOGIN TEST FUNCTION METHOD - USERNAME Entered
????-??-?? ??:??:?? INFO  LoginTest:67 - INSIDE LOGIN TEST FUNCTION METHOD - Password Entered
????-??-?? ??:??:?? INFO  LoginTest:73 - INSIDE LOGIN TEST FUNCTION METHOD - Login Button Clicked
????-??-?? ??:??:?? INFO  LoginTest:45 - INSIDE LOGIN TEST FUNCTION METHOD
????-??-?? ??:??:?? INFO  LoginTest:57 - INSIDE LOGIN TEST FUNCTION METHOD - USERNAME Entered
????-??-?? ??:??:?? INFO  LoginTest:67 - INSIDE LOGIN TEST FUNCTION METHOD - Password Entered
????-??-?? ??:??:?? INFO  LoginTest:73 - INSIDE LOGIN TEST FUNCTION METHOD - Login Button Clicked
????-??-?? ??:??:?? INFO  LoginTest:45 - INSIDE LOGIN TEST FUNCTION METHOD
????-??-?? ??:??:?? INFO  LoginTest:57 - INSIDE LOGIN TEST FUNCTION METHOD - USERNAME Entered
????-??-?? ??:??:?? INFO  LoginTest:67 - INSIDE LOGIN TEST FUNCTION METHOD - Password Entered
????-??-?? ??:??:?? INFO  LoginTest:73 - INSIDE LOGIN TEST FUNCTION METHOD - Login Button Clicked
????-??-?? ??:??:?? INFO  LoginTest:88 - INSIDE INSIDE INVALID USERNAME EERROR MESSAGE FUNCTION METHOD
????-??-?? ??:??:?? INFO  LoginTest:116 - INSIDE INSIDE INVALID USERNAME EERROR MESSAGE FUNCTION METHOD - Login Button Clicked
????-??-?? ??:??:?? INFO  DashBoardTest:35 - INSIDE  click on post FUNCTION METHOD
????-??-?? ??:??:?? INFO  DashBoardTest:40 - INSIDE  click on post FUNCTION METHOD - username entered
????-??-?? ??:??:?? INFO  DashBoardTest:44 - INSIDE  click on post FUNCTION METHOD - password entered
????-??-?? ??:??:?? INFO  DashBoardTest:50 - INSIDE  click on post FUNCTION METHOD - Login Button Clicked
????-??-?? ??:??:?? INFO  LoginTest:45 - INSIDE LOGIN TEST FUNCTION METHOD
????-??-?? ??:??:?? INFO  LoginTest:57 - INSIDE LOGIN TEST FUNCTION METHOD - USERNAME Entered
????-??-?? ??:??:?? INFO  LoginTest:67 - INSIDE LOGIN TEST FUNCTION METHOD - Password Entered
????-??-?? ??:??:?? INFO  LoginTest:73 - INSIDE LOGIN TEST FUNCTION METHOD - Login Button Clicked
????-??-?? ??:??:?? INFO  LoginTest:45 - INSIDE LOGIN TEST FUNCTION METHOD
????-??-?? ??:??:?? INFO  LoginTest:57 - INSIDE LOGIN TEST FUNCTION METHOD - USERNAME Entered
????-??-?? ??:??:?? INFO  LoginTest:67 - INSIDE LOGIN TEST FUNCTION METHOD - Password Entered
????-??-?? ??:??:?? INFO  LoginTest:73 - INSIDE LOGIN TEST FUNCTION METHOD - Login Button Clicked
????-??-?? ??:??:?? INFO  LoginTest:45 - INSIDE LOGIN TEST FUNCTION METHOD
????-??-?? ??:??:?? INFO  LoginTest:57 - INSIDE LOGIN TEST FUNCTION METHOD - USERNAME Entered
????-??-?? ??:??:?? INFO  LoginTest:67 - INSIDE LOGIN TEST FUNCTION METHOD - Password Entered
????-??-?? ??:??:?? INFO  LoginTest:73 - INSIDE LOGIN TEST FUNCTION METHOD - Login Button Clicked
